<?xml version="1.0" encoding="UTF-8"?>
<!-- Generated by org.testng.reporters.JUnitXMLReporter -->
<testsuite ignored="0" hostname="Subhadip" failures="0" tests="5" name="ChromeTest" time="125.044" errors="0" timestamp="2025-01-27T13:45:08 IST">
  <testcase classname="testCases.TestCase1_RegisterUser" name="testCase1_RegisterUser" time="35.556"/>
  <testcase classname="testCases.TestCase3_LoginWithIncorrectCreds" name="testCase3_LoginWithIncorrectCreds" time="4.629"/>
  <testcase classname="testCases.TestCase4_LogoutUser" name="testCase4_LogoutUser" time="8.498"/>
  <testcase classname="testCases.TestCase5_RegisterUserWithExistingEmail" name="testCase5_RegisterUserWithExistingEmail" time="15.11"/>
  <testcase classname="testCases.TestCase6_ContactUsForm" name="testCase6_ContactUsForm" time="14.744"/>
</testsuite> <!-- ChromeTest -->
