<?xml version="1.0" encoding="UTF-8"?>
<!-- Generated by org.testng.reporters.JUnitXMLReporter -->
<testsuite ignored="0" hostname="Subhadip" failures="0" tests="4" name="ChromeTest" time="118.848" errors="0" timestamp="2025-01-26T12:36:28 IST">
  <testcase classname="testCases.TestCase1_RegisterUser" name="testCase1_RegisterUser" time="48.06"/>
  <testcase classname="testCases.TestCase3_LoginWithIncorrectCreds" name="testCase3_LoginWithIncorrectCreds" time="3.62"/>
  <testcase classname="testCases.TestCase4_LogoutUser" name="testCase4_LogoutUser" time="14.932"/>
  <testcase classname="testCases.TestCase5_RegisterUserWithExistingEmail" name="testCase5_RegisterUserWithExistingEmail" time="11.676"/>
</testsuite> <!-- ChromeTest -->
