<?xml version="1.0" encoding="UTF-8"?>
<!-- Generated by org.testng.reporters.JUnitXMLReporter -->
<testsuite ignored="0" hostname="Subhadip" failures="0" tests="7" name="EdgeTest" time="235.748" errors="0" timestamp="2025-01-29T16:21:41 IST">
  <testcase classname="testCases.TestCase1_RegisterUser" name="testCase1_RegisterUser" time="62.686"/>
  <testcase classname="testCases.TestCase3_LoginWithIncorrectCreds" name="testCase3_LoginWithIncorrectCreds" time="12.394"/>
  <testcase classname="testCases.TestCase4_LogoutUser" name="testCase4_LogoutUser" time="17.723"/>
  <testcase classname="testCases.TestCase5_RegisterUserWithExistingEmail" name="testCase5_RegisterUserWithExistingEmail" time="7.912"/>
  <testcase classname="testCases.TestCase6_ContactUsForm" name="testCase6_ContactUsForm" time="12.376"/>
  <testcase classname="testCases.TestCase7_VerifyTestCasesPage" name="testCase7_verifyTestCasePage" time="2.493"/>
  <testcase classname="testCases.TestCase8_VerifyAllProductsAndProductDetailPage" name="testCase8_VerifyAllProductsAndProductDetailPage" time="11.847"/>
</testsuite> <!-- EdgeTest -->
