<?xml version="1.0" encoding="UTF-8"?>
<!-- Generated by org.testng.reporters.JUnitXMLReporter -->
<testsuite ignored="0" hostname="Subhadip" failures="0" tests="5" name="EdgeTest" time="154.312" errors="0" timestamp="2025-01-27T13:45:37 IST">
  <testcase classname="testCases.TestCase1_RegisterUser" name="testCase1_RegisterUser" time="36.773"/>
  <testcase classname="testCases.TestCase3_LoginWithIncorrectCreds" name="testCase3_LoginWithIncorrectCreds" time="13.966"/>
  <testcase classname="testCases.TestCase4_LogoutUser" name="testCase4_LogoutUser" time="11.639"/>
  <testcase classname="testCases.TestCase5_RegisterUserWithExistingEmail" name="testCase5_RegisterUserWithExistingEmail" time="11.707"/>
  <testcase classname="testCases.TestCase6_ContactUsForm" name="testCase6_ContactUsForm" time="12.591"/>
</testsuite> <!-- EdgeTest -->
