<?xml version="1.0" encoding="UTF-8"?>
<!-- Generated by org.testng.reporters.JUnitXMLReporter -->
<testsuite ignored="0" hostname="Subhadip" failures="0" tests="4" name="Test" time="74.006" errors="0" timestamp="2025-01-26T12:29:33 IST">
  <testcase classname="testCases.TestCase1_RegisterUser" name="testCase1_RegisterUser" time="27.884"/>
  <testcase classname="testCases.TestCase3_LoginWithIncorrectCreds" name="testCase3_LoginWithIncorrectCreds" time="3.959"/>
  <testcase classname="testCases.TestCase4_LogoutUser" name="testCase4_LogoutUser" time="6.306"/>
  <testcase classname="testCases.TestCase5_RegisterUserWithExistingEmail" name="testCase5_RegisterUserWithExistingEmail" time="5.023"/>
</testsuite> <!-- Test -->
