<?xml version="1.0" encoding="UTF-8"?>
<testng-results ignored="0" total="1" passed="1" failed="0" skipped="0">
  <reporter-output>
  </reporter-output>
  <suite started-at="2024-12-29T12:54:47 IST" name="Default suite" finished-at="2024-12-29T12:55:04 IST" duration-ms="16561">
    <groups>
    </groups>
    <test started-at="2024-12-29T12:54:47 IST" name="Default test" finished-at="2024-12-29T12:55:04 IST" duration-ms="16561">
      <class name="testCases.TC001_EndToEndTest">
        <test-method is-config="true" signature="setUp()[pri:0, instance:testCases.TC001_EndToEndTest@71d44a3]" started-at="2024-12-29T12:54:47 IST" name="setUp" finished-at="2024-12-29T12:54:52 IST" duration-ms="5304" status="PASS">
          <reporter-output>
          </reporter-output>
        </test-method> <!-- setUp -->
        <test-method signature="validate_EndToEndTest()[pri:0, instance:testCases.TC001_EndToEndTest@71d44a3]" started-at="2024-12-29T12:54:52 IST" name="validate_EndToEndTest" finished-at="2024-12-29T12:55:03 IST" duration-ms="10797" status="PASS">
          <reporter-output>
          </reporter-output>
        </test-method> <!-- validate_EndToEndTest -->
        <test-method is-config="true" signature="tearDown()[pri:0, instance:testCases.TC001_EndToEndTest@71d44a3]" started-at="2024-12-29T12:55:03 IST" name="tearDown" finished-at="2024-12-29T12:55:04 IST" duration-ms="392" status="PASS">
          <reporter-output>
          </reporter-output>
        </test-method> <!-- tearDown -->
      </class> <!-- testCases.TC001_EndToEndTest -->
    </test> <!-- Default test -->
  </suite> <!-- Default suite -->
</testng-results>
