<?xml version="1.0" encoding="UTF-8"?>
<testng-results ignored="0" total="1" passed="1" failed="0" skipped="0">
  <reporter-output>
  </reporter-output>
  <suite started-at="2024-12-31T12:11:51 IST" name="MasterSuite" finished-at="2024-12-31T12:12:07 IST" duration-ms="16264">
    <groups>
    </groups>
    <test started-at="2024-12-31T12:11:51 IST" name="Test" finished-at="2024-12-31T12:12:07 IST" duration-ms="16264">
      <class name="testCases.TC001_EndToEndTest">
        <test-method is-config="true" signature="setUp()[pri:0, instance:testCases.TC001_EndToEndTest@71d44a3]" started-at="2024-12-31T12:11:51 IST" name="setUp" finished-at="2024-12-31T12:11:58 IST" duration-ms="6771" status="PASS">
          <reporter-output>
          </reporter-output>
        </test-method> <!-- setUp -->
        <test-method signature="validate_EndToEndTest()[pri:0, instance:testCases.TC001_EndToEndTest@71d44a3]" started-at="2024-12-31T12:11:58 IST" name="validate_EndToEndTest" finished-at="2024-12-31T12:12:07 IST" duration-ms="9256" status="PASS">
          <reporter-output>
          </reporter-output>
        </test-method> <!-- validate_EndToEndTest -->
        <test-method is-config="true" signature="tearDown()[pri:0, instance:testCases.TC001_EndToEndTest@71d44a3]" started-at="2024-12-31T12:12:07 IST" name="tearDown" finished-at="2024-12-31T12:12:07 IST" duration-ms="196" status="PASS">
          <reporter-output>
          </reporter-output>
        </test-method> <!-- tearDown -->
      </class> <!-- testCases.TC001_EndToEndTest -->
    </test> <!-- Test -->
  </suite> <!-- MasterSuite -->
</testng-results>
